<?xml version="1.0" encoding="UTF-8"?>
<!-- Generated by org.testng.reporters.JUnitReportReporter -->
<testsuite skipped="0" hostname="DESKTOP-DIKF5R3" name="testPack.VerifyLoginPageTestNG" tests="2" failures="0" timestamp="2022-10-12T14:25:09 IST" time="54.460" errors="0">
  <testcase name="verifyRetureenMessengerButton" time="21.162" classname="testPack.VerifyLoginPageTestNG"/>
  <system-out/>
  <testcase name="verifyContactHelpCenter" time="33.298" classname="testPack.VerifyLoginPageTestNG"/>
  <system-out/>
</testsuite> <!-- testPack.VerifyLoginPageTestNG -->
