<?xml version="1.0" encoding="UTF-8"?>
<!-- Generated by org.testng.reporters.JUnitReportReporter -->
<testsuite skipped="0" hostname="DESKTOP-DIKF5R3" name="testPack.VerifyRoomPageTestNG" tests="2" failures="0" timestamp="2022-10-29T22:47:23 IST" time="33.946" errors="0">
  <testcase name="verifyRetureenMessengerButton" time="22.591" classname="testPack.VerifyRoomPageTestNG"/>
  <system-out/>
  <testcase name="verifyContactHelpCenter" time="11.355" classname="testPack.VerifyRoomPageTestNG"/>
  <system-out/>
</testsuite> <!-- testPack.VerifyRoomPageTestNG -->
