<?xml version="1.0" encoding="UTF-8"?>
<!-- Generated by org.testng.reporters.JUnitReportReporter -->
<testsuite skipped="0" hostname="DESKTOP-DIKF5R3" name="testngclass.TestNgClass" tests="1" failures="0" timestamp="2022-10-19T14:30:08 IST" time="0.000" errors="0">
  <testcase name="test" time="0.000" classname="testngclass.TestNgClass"/>
  <system-out/>
</testsuite> <!-- testngclass.TestNgClass -->
