<?xml version="1.0" encoding="UTF-8"?>
<!-- Generated by org.testng.reporters.JUnitReportReporter -->
<testsuite skipped="0" hostname="DESKTOP-DIKF5R3" name="testpkg.TestNgClass2" tests="1" failures="0" timestamp="2022-10-14T17:57:10 IST" time="16.307" errors="0">
  <testcase name="test1" time="16.307" classname="testpkg.TestNgClass2"/>
  <system-out/>
</testsuite> <!-- testpkg.TestNgClass2 -->
